{"numTotalTestSuites":8,"numPassedTestSuites":8,"numFailedTestSuites":0,"numPendingTestSuites":0,"numTotalTests":16,"numPassedTests":16,"numFailedTests":0,"numPendingTests":0,"numTodoTests":0,"snapshot":{"added":0,"failure":false,"filesAdded":0,"filesRemoved":0,"filesRemovedList":[],"filesUnmatched":0,"filesUpdated":0,"matched":0,"total":0,"unchecked":0,"uncheckedKeysByFile":[],"unmatched":0,"updated":0,"didUpdate":false},"startTime":1752502184107,"success":true,"testResults":[{"assertionResults":[{"ancestorTitles":["TomTom helper","#getSuggestionFromTomTom"],"fullName":"TomTom helper #getSuggestionFromTomTom should call TomTom API with correct parameters","status":"passed","title":"should call TomTom API with correct parameters","duration":1.932707999999991,"failureMessages":[],"meta":{}},{"ancestorTitles":["TomTom helper","#mapAddressFromTomTom"],"fullName":"TomTom helper #mapAddressFromTomTom should return undefined when input is null","status":"passed","title":"should return undefined when input is null","duration":0.1053749999999809,"failureMessages":[],"meta":{}},{"ancestorTitles":["TomTom helper","#mapAddressFromTomTom"],"fullName":"TomTom helper #mapAddressFromTomTom should return undefined when input is undefined","status":"passed","title":"should return undefined when input is undefined","duration":0.15212500000001228,"failureMessages":[],"meta":{}},{"ancestorTitles":["TomTom helper","#mapAddressFromTomTom"],"fullName":"TomTom helper #mapAddressFromTomTom should return undefined when address property is missing","status":"passed","title":"should return undefined when address property is missing","duration":0.07629200000002356,"failureMessages":[],"meta":{}},{"ancestorTitles":["TomTom helper","#mapAddressFromTomTom"],"fullName":"TomTom helper #mapAddressFromTomTom should return undefined when position property is missing","status":"passed","title":"should return undefined when position property is missing","duration":0.05029199999995626,"failureMessages":[],"meta":{}},{"ancestorTitles":["TomTom helper","#mapAddressFromTomTom"],"fullName":"TomTom helper #mapAddressFromTomTom should return undefined when result is an empty object","status":"passed","title":"should return undefined when result is an empty object","duration":0.04400000000003956,"failureMessages":[],"meta":{}},{"ancestorTitles":["TomTom helper","#mapAddressFromTomTom"],"fullName":"TomTom helper #mapAddressFromTomTom should map TomTom API result correctly","status":"passed","title":"should map TomTom API result correctly","duration":0.08220799999998007,"failureMessages":[],"meta":{}}],"startTime":1752502184449,"endTime":1752502184451.152,"status":"passed","message":"","name":"/Users/rohith/Documents/Rohith/Company Code/montu-library/tests/helpers/tomtom.helper.spec.ts"},{"assertionResults":[{"ancestorTitles":["AddressService","constructor"],"fullName":"AddressService constructor should throw if apiKey is missing","status":"passed","title":"should throw if apiKey is missing","duration":0.8247090000000412,"failureMessages":[],"meta":{}},{"ancestorTitles":["AddressService","constructor"],"fullName":"AddressService constructor should throw if countrySet is missing","status":"passed","title":"should throw if countrySet is missing","duration":0.16200000000003456,"failureMessages":[],"meta":{}},{"ancestorTitles":["AddressService","constructor"],"fullName":"AddressService constructor should throw if limit is missing or not a number","status":"passed","title":"should throw if limit is missing or not a number","duration":0.24029200000001083,"failureMessages":[],"meta":{}},{"ancestorTitles":["AddressService","#getSuggestions"],"fullName":"AddressService #getSuggestions should throw if query is empty or invalid","status":"passed","title":"should throw if query is empty or invalid","duration":0.5320830000000001,"failureMessages":[],"meta":{}},{"ancestorTitles":["AddressService","#getSuggestions"],"fullName":"AddressService #getSuggestions should throw if TomTom API call fails","status":"passed","title":"should throw if TomTom API call fails","duration":0.30445899999995163,"failureMessages":[],"meta":{}},{"ancestorTitles":["AddressService","#getSuggestions"],"fullName":"AddressService #getSuggestions should throw if TomTom response is invalid or null","status":"passed","title":"should throw if TomTom response is invalid or null","duration":0.25483400000001666,"failureMessages":[],"meta":{}},{"ancestorTitles":["AddressService","#getSuggestions"],"fullName":"AddressService #getSuggestions should filter non-AUS addresses and map valid results","status":"passed","title":"should filter non-AUS addresses and map valid results","duration":0.8107499999999845,"failureMessages":[],"meta":{}},{"ancestorTitles":["AddressService","#getSuggestions"],"fullName":"AddressService #getSuggestions should filter when the full address is empty after mapping","status":"passed","title":"should filter when the full address is empty after mapping","duration":0.14966599999996788,"failureMessages":[],"meta":{}},{"ancestorTitles":["AddressService","#getSuggestions"],"fullName":"AddressService #getSuggestions should return empty array if no valid Australian addresses","status":"passed","title":"should return empty array if no valid Australian addresses","duration":0.18762499999996862,"failureMessages":[],"meta":{}}],"startTime":1752502184533,"endTime":1752502184537.1877,"status":"passed","message":"","name":"/Users/rohith/Documents/Rohith/Company Code/montu-library/tests/modules/address/address.service.spec.ts"}],"coverageMap":{"/Users/rohith/Documents/Rohith/Company Code/montu-library/src/helpers/tomtom.helper.ts":{"path":"/Users/rohith/Documents/Rohith/Company Code/montu-library/src/helpers/tomtom.helper.ts","statementMap":{"0":{"start":{"line":8,"column":2},"end":{"line":17,"column":null}},"1":{"start":{"line":21,"column":2},"end":{"line":21,"column":null}},"2":{"start":{"line":21,"column":56},"end":{"line":21,"column":null}},"3":{"start":{"line":23,"column":2},"end":{"line":29,"column":null}}},"fnMap":{"0":{"name":"getSuggestionFromTomTom","decl":{"start":{"line":4,"column":22},"end":{"line":4,"column":null}},"loc":{"start":{"line":7,"column":2},"end":{"line":18,"column":null}}},"1":{"name":"mapAddressFromTomTom","decl":{"start":{"line":20,"column":16},"end":{"line":20,"column":37}},"loc":{"start":{"line":20,"column":45},"end":{"line":30,"column":null}}}},"branchMap":{"0":{"loc":{"start":{"line":21,"column":2},"end":{"line":21,"column":null}},"type":"if","locations":[{"start":{"line":21,"column":2},"end":{"line":21,"column":null}},{"start":{},"end":{}}]},"1":{"loc":{"start":{"line":21,"column":6},"end":{"line":21,"column":56}},"type":"binary-expr","locations":[{"start":{"line":21,"column":6},"end":{"line":21,"column":17}},{"start":{"line":21,"column":17},"end":{"line":21,"column":37}},{"start":{"line":21,"column":37},"end":{"line":21,"column":56}}]}},"s":{"0":1,"1":6,"2":5,"3":1},"f":{"0":1,"1":6},"b":{"0":[5,1],"1":[6,4,2]}},"/Users/rohith/Documents/Rohith/Company Code/montu-library/src/modules/address/address.service.ts":{"path":"/Users/rohith/Documents/Rohith/Company Code/montu-library/src/modules/address/address.service.ts","statementMap":{"0":{"start":{"line":17,"column":7},"end":{"line":72,"column":null}},"1":{"start":{"line":19,"column":46},"end":{"line":19,"column":null}},"2":{"start":{"line":21,"column":4},"end":{"line":21,"column":null}},"3":{"start":{"line":25,"column":4},"end":{"line":27,"column":null}},"4":{"start":{"line":26,"column":6},"end":{"line":26,"column":null}},"5":{"start":{"line":30,"column":4},"end":{"line":36,"column":null}},"6":{"start":{"line":31,"column":6},"end":{"line":31,"column":null}},"7":{"start":{"line":33,"column":6},"end":{"line":35,"column":null}},"8":{"start":{"line":38,"column":4},"end":{"line":42,"column":null}},"9":{"start":{"line":39,"column":6},"end":{"line":41,"column":null}},"10":{"start":{"line":44,"column":4},"end":{"line":47,"column":null}},"11":{"start":{"line":45,"column":26},"end":{"line":45,"column":64}},"12":{"start":{"line":46,"column":23},"end":{"line":46,"column":51}},"13":{"start":{"line":47,"column":26},"end":{"line":47,"column":47}},"14":{"start":{"line":51,"column":42},"end":{"line":51,"column":null}},"15":{"start":{"line":52,"column":4},"end":{"line":56,"column":null}},"16":{"start":{"line":53,"column":6},"end":{"line":55,"column":null}},"17":{"start":{"line":57,"column":4},"end":{"line":65,"column":null}},"18":{"start":{"line":62,"column":6},"end":{"line":64,"column":null}},"19":{"start":{"line":66,"column":4},"end":{"line":70,"column":null}},"20":{"start":{"line":67,"column":6},"end":{"line":69,"column":null}},"21":{"start":{"line":17,"column":13},"end":{"line":17,"column":55}}},"fnMap":{"0":{"name":"(anonymous_3)","decl":{"start":{"line":18,"column":2},"end":{"line":18,"column":null}},"loc":{"start":{"line":20,"column":4},"end":{"line":22,"column":null}}},"1":{"name":"(anonymous_4)","decl":{"start":{"line":24,"column":2},"end":{"line":24,"column":8}},"loc":{"start":{"line":24,"column":68},"end":{"line":48,"column":null}}},"2":{"name":"(anonymous_5)","decl":{"start":{"line":45,"column":14},"end":{"line":45,"column":15}},"loc":{"start":{"line":45,"column":26},"end":{"line":45,"column":64}}},"3":{"name":"(anonymous_6)","decl":{"start":{"line":46,"column":11},"end":{"line":46,"column":12}},"loc":{"start":{"line":46,"column":23},"end":{"line":46,"column":51}}},"4":{"name":"(anonymous_7)","decl":{"start":{"line":47,"column":14},"end":{"line":47,"column":15}},"loc":{"start":{"line":47,"column":26},"end":{"line":47,"column":47}}},"5":{"name":"(anonymous_8)","decl":{"start":{"line":50,"column":10},"end":{"line":50,"column":28}},"loc":{"start":{"line":50,"column":28},"end":{"line":71,"column":null}}}},"branchMap":{"0":{"loc":{"start":{"line":25,"column":4},"end":{"line":27,"column":null}},"type":"if","locations":[{"start":{"line":25,"column":4},"end":{"line":27,"column":null}},{"start":{},"end":{}}]},"1":{"loc":{"start":{"line":25,"column":8},"end":{"line":25,"column":62}},"type":"binary-expr","locations":[{"start":{"line":25,"column":8},"end":{"line":25,"column":18}},{"start":{"line":25,"column":18},"end":{"line":25,"column":47}},{"start":{"line":25,"column":47},"end":{"line":25,"column":62}}]},"2":{"loc":{"start":{"line":38,"column":4},"end":{"line":42,"column":null}},"type":"if","locations":[{"start":{"line":38,"column":4},"end":{"line":42,"column":null}},{"start":{},"end":{}}]},"3":{"loc":{"start":{"line":38,"column":8},"end":{"line":38,"column":75}},"type":"binary-expr","locations":[{"start":{"line":38,"column":8},"end":{"line":38,"column":36}},{"start":{"line":38,"column":36},"end":{"line":38,"column":75}}]},"4":{"loc":{"start":{"line":51,"column":42},"end":{"line":51,"column":null}},"type":"binary-expr","locations":[{"start":{"line":51,"column":42},"end":{"line":51,"column":58}},{"start":{"line":51,"column":58},"end":{"line":51,"column":null}}]},"5":{"loc":{"start":{"line":52,"column":4},"end":{"line":56,"column":null}},"type":"if","locations":[{"start":{"line":52,"column":4},"end":{"line":56,"column":null}},{"start":{},"end":{}}]},"6":{"loc":{"start":{"line":52,"column":8},"end":{"line":52,"column":70}},"type":"binary-expr","locations":[{"start":{"line":52,"column":8},"end":{"line":52,"column":19}},{"start":{"line":52,"column":19},"end":{"line":52,"column":49}},{"start":{"line":52,"column":49},"end":{"line":52,"column":70}}]},"7":{"loc":{"start":{"line":57,"column":4},"end":{"line":65,"column":null}},"type":"if","locations":[{"start":{"line":57,"column":4},"end":{"line":65,"column":null}},{"start":{},"end":{}}]},"8":{"loc":{"start":{"line":58,"column":6},"end":{"line":60,"column":null}},"type":"binary-expr","locations":[{"start":{"line":58,"column":6},"end":{"line":58,"column":null}},{"start":{"line":59,"column":6},"end":{"line":59,"column":null}},{"start":{"line":60,"column":6},"end":{"line":60,"column":null}}]},"9":{"loc":{"start":{"line":66,"column":4},"end":{"line":70,"column":null}},"type":"if","locations":[{"start":{"line":66,"column":4},"end":{"line":70,"column":null}},{"start":{},"end":{}}]},"10":{"loc":{"start":{"line":66,"column":8},"end":{"line":66,"column":45}},"type":"binary-expr","locations":[{"start":{"line":66,"column":8},"end":{"line":66,"column":18}},{"start":{"line":66,"column":18},"end":{"line":66,"column":45}}]}},"s":{"0":1,"1":10,"2":10,"3":10,"4":3,"5":7,"6":7,"7":1,"8":6,"9":3,"10":3,"11":5,"12":2,"13":2,"14":10,"15":10,"16":1,"17":9,"18":1,"19":8,"20":2,"21":1},"f":{"0":10,"1":10,"2":5,"3":2,"4":2,"5":10},"b":{"0":[3,7],"1":[10,8,8],"2":[3,3],"3":[6,3],"4":[10,0],"5":[1,9],"6":[10,9,9],"7":[1,8],"8":[9,8,8],"9":[2,6],"10":[8,7]}},"/Users/rohith/Documents/Rohith/Company Code/montu-library/src/modules/address/address.module.ts":{"path":"/Users/rohith/Documents/Rohith/Company Code/montu-library/src/modules/address/address.module.ts","statementMap":{"0":{"start":{"line":6,"column":7},"end":{"line":20,"column":null}},"1":{"start":{"line":8,"column":45},"end":{"line":11,"column":null}},"2":{"start":{"line":13,"column":4},"end":{"line":18,"column":null}},"3":{"start":{"line":6,"column":13},"end":{"line":6,"column":27}}},"fnMap":{"0":{"name":"(anonymous_1)","decl":{"start":{"line":7,"column":2},"end":{"line":7,"column":9}},"loc":{"start":{"line":7,"column":63},"end":{"line":19,"column":null}}}},"branchMap":{},"s":{"0":0,"1":0,"2":0,"3":0},"f":{"0":0},"b":{}}}}